<?xml version="1.0" encoding="UTF-8"?>
<!-- Generated by org.testng.reporters.JUnitXMLReporter -->
<testsuite ignored="0" hostname="DESKTOP-INF5TLD" failures="0" tests="3" name="Bankingpp Test" time="75.951" errors="0" timestamp="2023-06-30T17:01:55 IST">
  <testcase classname="com.inetBankingV1.TestCases.TC_LoginTest_001" name="loginTest" time="14.167"/>
  <testcase classname="com.inetBankingV1.TestCases.TC_AddCustomerTest_003" name="addNewCustomer" time="18.134"/>
  <testcase classname="com.inetBankingV1.TestCases.TC_EditCustomer_004" name="editCustomer" time="8.898"/>
</testsuite> <!-- Bankingpp Test -->
